2024-06-02 15:08:39,235 - Controllers.eventController - ERROR - Произошла ошибка при поиске мероприятия с id: <built-in function id>. Подробности: Мероприятие с id 5 не найдено
2024-06-02 15:09:54,835 - Controllers.eventController - ERROR - Произошла ошибка при поиске мероприятия с id: 5. Подробности: Мероприятие с id 5 не найдено
2024-06-02 15:21:37,224 - logger - ERROR - Произошла ошибка при поиске мероприятия с id: 5. Подробности: Мероприятие с id 5 не найдено
2024-06-02 16:02:41,572 - logger - ERROR - {'date': '2024-04-12', 'description': 'Праздник Дня Космонавтики: Откройте Вселенную вместе с нами! Присоединяйтесь к увлекательным мероприятиям, посвященным освоению космоса и достижениям человечества в космических исследованиях.', 'endTime': '20:00', 'eventName': 'День космонавтики', 'id': 1, 'invitees': 'Иванов, Петров, Киселев', 'location': 'Площадь Ленина', 'program': 'Открытие, конкурс, шоу', 'startTime': '09:00'}
Произошла ошибка при добавлении мероприятия. Подробности: Такое мероприятие уже есть
2024-06-02 16:02:51,017 - logger - ERROR - {'date': '2024-04-12', 'description': 'Праздник Дня Космонавтики: Откройте Вселенную вместе с нами! Присоединяйтесь к увлекательным мероприятиям, посвященным освоению космоса и достижениям человечества в космических исследованиях.', 'endTime': '20:00', 'eventName': 'День космонавтики', 'invitees': 'Иванов, Петров, Киселев', 'location': 'Площадь Ленина', 'program': 'Открытие, конкурс, шоу', 'startTime': '09:00'}
Произошла ошибка при добавлении мероприятия. Подробности: Такое мероприятие уже есть
2024-06-02 16:12:51,443 - logger - ERROR - {'date': '2024-04-12', 'description': 'Праздник Дня Космонавтики: Откройте Вселенную вместе с нами! Присоединяйтесь к увлекательным мероприятиям, посвященным освоению космоса и достижениям человечества в космических исследованиях.', 'endTime': 20, 'eventName': '1', 'invitees': 'Иванов, Петров, Киселев', 'location': 'Площадь Ленина', 'program': 'Открытие, конкурс, шоу', 'startTime': '09:00'}
 Произошла ошибка валидации данных. Подробности: [{'message': "20 is not of type 'string'", 'field': deque(['endTime'])}]
2024-06-02 16:32:55,144 - logger - ERROR - {'date': '2024-04-12', 'description': 'Праздник Дня Космонавтики: Откройте Вселенную вместе с нами! Присоединяйтесь к увлекательным мероприятиям, посвященным освоению космоса и достижениям человечества в космических исследованиях.', 'endTime': '20:00', 'eventName': 1, 'invitees': 'Иванов, Петров, Киселев', 'location': 'Площадь Ленина', 'program': 'Открытие, конкурс, шоу', 'startTime': '09:00'}
 Произошла ошибка валидации данных. Подробности: [{'message': "1 is not of type 'string'", 'field': deque(['eventName'])}]
2024-06-02 16:33:44,264 - logger - ERROR - {'date': '2024-04-12', 'description': 'Праздник Дня Космонавтики: Откройте Вселенную вместе с нами! Присоединяйтесь к увлекательным мероприятиям, посвященным освоению космоса и достижениям человечества в космических исследованиях.', 'endTime': '20:00', 'eventName': 1, 'invitees': 'Иванов, Петров, Киселев', 'location': 'Площадь Ленина', 'program': 'Открытие, конкурс, шоу', 'startTime': '09:00'}
 Произошла ошибка валидации данных. Подробности: [{'message': "1 is not of type 'string'", 'field': deque(['eventName'])}]
2024-06-02 16:34:12,768 - logger - ERROR - {'date': '2024-04-12', 'description': 'Праздник Дня Космонавтики: Откройте Вселенную вместе с нами! Присоединяйтесь к увлекательным мероприятиям, посвященным освоению космоса и достижениям человечества в космических исследованиях.', 'endTime': '20:00', 'eventName': 1, 'invitees': 'Иванов, Петров, Киселев', 'location': 'Площадь Ленина', 'program': 'Открытие, конкурс, шоу', 'startTime': '09:00'}
 Произошла ошибка валидации данных. Подробности: [{'message': "1 is not of type 'string'", 'field': deque(['eventName'])}]
2024-06-02 16:34:32,187 - logger - ERROR - {'date': '2024-04-12', 'description': 'Праздник Дня Космонавтики: Откройте Вселенную вместе с нами! Присоединяйтесь к увлекательным мероприятиям, посвященным освоению космоса и достижениям человечества в космических исследованиях.', 'endTime': '20:00', 'eventName': 1, 'invitees': 'Иванов, Петров, Киселев', 'location': 'Площадь Ленина', 'program': 'Открытие, конкурс, шоу', 'startTime': '09:00'}
 Произошла ошибка валидации данных. Подробности: [{'message': "1 is not of type 'string'", 'field': deque(['eventName'])}]
2024-06-02 16:38:42,833 - logger - ERROR - {'date': '2024-04-12', 'description': 'Праздник Дня Космонавтики: Откройте Вселенную вместе с нами! Присоединяйтесь к увлекательным мероприятиям, посвященным освоению космоса и достижениям человечества в космических исследованиях.', 'endTime': '20:00', 'eventName': 1, 'invitees': 'Иванов, Петров, Киселев', 'location': 'Площадь Ленина', 'program': 'Открытие, конкурс, шоу', 'startTime': '09:00'}
 Произошла ошибка валидации данных. Подробности: [{'message': "1 is not of type 'string'", 'field': deque(['eventName'])}]
2024-06-02 16:39:48,758 - logger - ERROR - {'date': '2024-04-12', 'description': 'Праздник Дня Космонавтики: Откройте Вселенную вместе с нами! Присоединяйтесь к увлекательным мероприятиям, посвященным освоению космоса и достижениям человечества в космических исследованиях.', 'endTime': '20:00', 'eventName': 1, 'invitees': 'Иванов, Петров, Киселев', 'location': 'Площадь Ленина', 'program': 'Открытие, конкурс, шоу', 'startTime': '09:00'}
 Ошибка ввода. Подробности: [{'message': "1 is not of type 'string'", 'field': deque(['eventName'])}]
2024-06-02 16:40:22,872 - logger - ERROR - {'date': '2024-04-12', 'description': 'Праздник Дня Космонавтики: Откройте Вселенную вместе с нами! Присоединяйтесь к увлекательным мероприятиям, посвященным освоению космоса и достижениям человечества в космических исследованиях.', 'endTime': '20:00', 'eventName': 1, 'invitees': 'Иванов, Петров, Киселев', 'location': 'Площадь Ленина', 'program': 'Открытие, конкурс, шоу', 'startTime': '09:00'}
 Произошла ошибка валидации данных. Подробности: [{'message': "1 is not of type 'string'", 'field': deque(['eventName'])}]
2024-06-02 16:42:36,959 - logger - ERROR - {'date': '2024-04-12', 'description': 'Праздник Дня Космонавтики: Откройте Вселенную вместе с нами! Присоединяйтесь к увлекательным мероприятиям, посвященным освоению космоса и достижениям человечества в космических исследованиях.', 'endTime': '20:00', 'eventName': 1, 'invitees': 'Иванов, Петров, Киселев', 'location': 'Площадь Ленина', 'program': 'Открытие, конкурс, шоу', 'startTime': '09:00'}
 Произошла ошибка ввода. Подробности: [{'message': "1 is not of type 'string'", 'field': deque(['eventName'])}]
2024-06-02 19:33:05,715 - logger - ERROR - Произошла ошибка при поиске мероприятия с id: 9. Подробности: Мероприятие с id 9 не найдено
